Internal Server Error: /alunos/
Traceback (most recent call last):
  File "C:\Users\LENOVO\AppData\Local\Programs\Python\Python310\lib\site-packages\django\core\handlers\exception.py", line 55, in inner
    response = get_response(request)
  File "C:\Users\LENOVO\AppData\Local\Programs\Python\Python310\lib\site-packages\django\core\handlers\base.py", line 204, in _get_response
    self.check_response(response, callback)
  File "C:\Users\LENOVO\AppData\Local\Programs\Python\Python310\lib\site-packages\django\core\handlers\base.py", line 332, in check_response
    raise ValueError(
ValueError: The view core.views.lista_alunos didn't return an HttpResponse object. It returned None instead.
"GET /alunos/ HTTP/1.1" 500 145
Internal Server Error: /alunos/
Traceback (most recent call last):
  File "C:\Users\LENOVO\AppData\Local\Programs\Python\Python310\lib\site-packages\django\core\handlers\exception.py", line 55, in inner
    response = get_response(request)
  File "C:\Users\LENOVO\AppData\Local\Programs\Python\Python310\lib\site-packages\django\core\handlers\base.py", line 204, in _get_response
    self.check_response(response, callback)
  File "C:\Users\LENOVO\AppData\Local\Programs\Python\Python310\lib\site-packages\django\core\handlers\base.py", line 332, in check_response
    raise ValueError(
ValueError: The view core.views.lista_alunos didn't return an HttpResponse object. It returned None instead.
"GET /alunos/ HTTP/1.1" 500 145
